[24Oct2025 00:08:48.354] [Server thread/INFO] [net.minecraft.server.MinecraftServer/]: megatuber06 left the game
[23Oct2025 23:54:26.403] [Server Watchdog/ERROR] [net.minecraft.server.dedicated.ServerWatchdog/FATAL]: A single server tick took 60.00 seconds (should be max 0.05)
[24Oct2025 00:08:48.492] [Server thread/INFO] [voicechat/]: [voicechat] Disconnecting client megatuber06
[24Oct2025 00:08:48.493] [Server Watchdog/ERROR] [net.minecraft.server.dedicated.ServerWatchdog/FATAL]: Considering it to be crashed, server will forcibly shutdown.
[24Oct2025 00:08:48.530] [Server thread/INFO] [net.minecraft.server.network.ServerGamePacketListenerImpl/]: Lolasodildazo lost connection: Disconnected
[24Oct2025 00:08:48.530] [Server thread/INFO] [net.minecraft.server.MinecraftServer/]: Lolasodildazo left the game
[24Oct2025 00:08:48.531] [Server thread/INFO] [voicechat/]: [voicechat] Disconnecting client Lolasodildazo
[24Oct2025 00:08:49.104] [Server thread/INFO] [net.minecraft.server.network.ServerGamePacketListenerImpl/]: Anubis_11 lost connection: Disconnected
[24Oct2025 00:08:49.104] [Server thread/INFO] [net.minecraft.server.MinecraftServer/]: Anubis_11 left the game
[24Oct2025 00:08:49.104] [Server thread/INFO] [voicechat/]: [voicechat] Disconnecting client Anubis_11
[24Oct2025 00:08:49.115] [Server Watchdog/WARN] [net.minecraft.SystemReport/]: Failed retrieving info for group hardware
java.lang.NoClassDefFoundError: Could not initialize class oshi.SystemInfo
	at net.minecraft.SystemReport.m_143564_(SystemReport.java:52) ~[server-1.20.1-20230612.114412-srg.jar%23179!/:?]
	at net.minecraft.SystemReport.m_143516_(SystemReport.java:82) ~[server-1.20.1-20230612.114412-srg.jar%23179!/:?]
	at net.minecraft.SystemReport.<init>(SystemReport.java:52) ~[server-1.20.1-20230612.114412-srg.jar%23179!/:?]
	at net.minecraft.CrashReport.<init>(CrashReport.java:31) ~[server-1.20.1-20230612.114412-srg.jar%23179!/:?]
	at net.minecraft.server.dedicated.ServerWatchdog.run(ServerWatchdog.java:54) ~[server-1.20.1-20230612.114412-srg.jar%23179!/:?]
	at java.lang.Thread.run(Thread.java:840) ~[?:?]
Caused by: java.lang.ExceptionInInitializerError: Exception java.lang.NoClassDefFoundError: com/sun/jna/Platform [in thread "main"]
	at oshi.SystemInfo.<clinit>(SystemInfo.java:60) ~[oshi-core-6.2.2.jar%2369!/:6.2.2]
	at net.minecraft.SystemReport.m_143564_(SystemReport.java:52) ~[server-1.20.1-20230612.114412-srg.jar%23179!/:?]
	at net.minecraft.SystemReport.m_143516_(SystemReport.java:82) ~[server-1.20.1-20230612.114412-srg.jar%23179!/:?]
	at net.minecraft.SystemReport.<init>(SystemReport.java:52) ~[server-1.20.1-20230612.114412-srg.jar%23179!/:?]
	at net.minecraft.CrashReport.<init>(CrashReport.java:31) ~[server-1.20.1-20230612.114412-srg.jar%23179!/:?]
	at net.minecraft.CrashReport.m_127529_(CrashReport.java:216) ~[server-1.20.1-20230612.114412-srg.jar%23179!/:?]
	at net.minecraft.server.Main.main(Main.java:116) ~[server-1.20.1-20230612.114412-srg.jar%23179!/:?]
	at jdk.internal.reflect.NativeMethodAccessorImpl.invoke0(Native Method) ~[?:?]
	at jdk.internal.reflect.NativeMethodAccessorImpl.invoke(NativeMethodAccessorImpl.java:77) ~[?:?]
	at jdk.internal.reflect.DelegatingMethodAccessorImpl.invoke(DelegatingMethodAccessorImpl.java:43) ~[?:?]
	at java.lang.reflect.Method.invoke(Method.java:569) ~[?:?]
	at net.minecraftforge.fml.loading.targets.CommonLaunchHandler.runTarget(CommonLaunchHandler.java:111) ~[fmlloader-1.20.1-47.3.7.jar%2367!/:?]
	at net.minecraftforge.fml.loading.targets.CommonLaunchHandler.serverService(CommonLaunchHandler.java:103) ~[fmlloader-1.20.1-47.3.7.jar%2367!/:?]
	at net.minecraftforge.fml.loading.targets.CommonServerLaunchHandler.lambda$makeService$0(CommonServerLaunchHandler.java:27) ~[fmlloader-1.20.1-47.3.7.jar%2367!/:?]
	at cpw.mods.modlauncher.LaunchServiceHandlerDecorator.launch(LaunchServiceHandlerDecorator.java:30) ~[modlauncher-10.0.9.jar%2353!/:?]
	at cpw.mods.modlauncher.LaunchServiceHandler.launch(LaunchServiceHandler.java:53) ~[modlauncher-10.0.9.jar%2353!/:?]
	at cpw.mods.modlauncher.LaunchServiceHandler.launch(LaunchServiceHandler.java:71) ~[modlauncher-10.0.9.jar%2353!/:?]
	at cpw.mods.modlauncher.Launcher.run(Launcher.java:108) ~[modlauncher-10.0.9.jar%2353!/:?]
	at cpw.mods.modlauncher.Launcher.main(Launcher.java:78) ~[modlauncher-10.0.9.jar%2353!/:?]
	at cpw.mods.modlauncher.BootstrapLaunchConsumer.accept(BootstrapLaunchConsumer.java:26) ~[modlauncher-10.0.9.jar%2353!/:?]
	at cpw.mods.modlauncher.BootstrapLaunchConsumer.accept(BootstrapLaunchConsumer.java:23) ~[modlauncher-10.0.9.jar%2353!/:?]
	at cpw.mods.bootstraplauncher.BootstrapLauncher.main(BootstrapLauncher.java:141) ~[bootstraplauncher-1.1.2.jar:?]
[24Oct2025 00:08:49.181] [Server thread/WARN] [net.minecraft.server.MinecraftServer/]: Can't keep up! Is the server overloaded? Running 922779ms or 18455 ticks behind
[24Oct2025 00:08:49.225] [Server thread/INFO] [net.minecraft.server.network.ServerGamePacketListenerImpl/]: walx lost connection: Disconnected
[24Oct2025 00:08:49.225] [Server thread/INFO] [net.minecraft.server.MinecraftServer/]: walx left the game
[24Oct2025 00:08:49.225] [Server thread/INFO] [voicechat/]: [voicechat] Disconnecting client walx
[24Oct2025 00:08:49.249] [Server thread/INFO] [net.minecraft.server.network.ServerGamePacketListenerImpl/]: xClas06 lost connection: Disconnected
[24Oct2025 00:08:49.250] [Server thread/INFO] [net.minecraft.server.MinecraftServer/]: xClas06 left the game
[24Oct2025 00:08:49.250] [Server thread/INFO] [voicechat/]: [voicechat] Disconnecting client xClas06
[24Oct2025 00:08:49.251] [Server Watchdog/FATAL] [net.minecraftforge.common.ForgeMod/]: Preparing crash report with UUID 4e21fefa-f2c5-4bf8-a900-207860bdfd3e
[24Oct2025 00:08:49.303] [Server Watchdog/FATAL] [net.minecraftforge.common.ForgeMod/]: Preparing crash report with UUID 1065093a-f09f-4704-8b9c-3a958d03cfb6
[24Oct2025 00:08:49.306] [Server Watchdog/ERROR] [net.minecraft.server.dedicated.ServerWatchdog/]: This crash report has been saved to: /workspaces/loalso3/servidor_minecraft/./crash-reports/crash-2025-10-24_00.08.49-server.txt
[24Oct2025 00:08:49.407] [Server thread/INFO] [net.minecraft.server.MinecraftServer/]: Stopping server
[24Oct2025 00:08:49.410] [Server thread/INFO] [net.minecraft.server.MinecraftServer/]: Saving players
[24Oct2025 00:08:49.411] [Server thread/INFO] [net.minecraft.server.MinecraftServer/]: Saving worlds
[24Oct2025 00:08:49.786] [Server thread/INFO] [net.minecraft.server.MinecraftServer/]: Saving chunks for level 'ServerLevel[world]'/minecraft:overworld
[24Oct2025 00:08:51.231] [Server thread/INFO] [net.minecraft.server.MinecraftServer/]: Saving chunks for level 'ServerLevel[world]'/minecraft:the_end
[24Oct2025 00:08:51.232] [Server thread/INFO] [net.minecraft.server.MinecraftServer/]: Saving chunks for level 'ServerLevel[world]'/minecraft:the_nether
[24Oct2025 00:08:51.282] [Server thread/INFO] [net.minecraft.server.MinecraftServer/]: ThreadedAnvilChunkStorage (world): All chunks are saved
[24Oct2025 00:08:51.282] [Server thread/INFO] [net.minecraft.server.MinecraftServer/]: ThreadedAnvilChunkStorage (DIM1): All chunks are saved
[24Oct2025 00:08:51.282] [Server thread/INFO] [net.minecraft.server.MinecraftServer/]: ThreadedAnvilChunkStorage (DIM-1): All chunks are saved
[24Oct2025 00:08:51.282] [Server thread/INFO] [net.minecraft.server.MinecraftServer/]: ThreadedAnvilChunkStorage: All dimensions are saved
